[2011-09-07 12:19:46] INFO  WEBrick 1.3.1
[2011-09-07 12:19:46] INFO  ruby 1.9.2 (2011-02-18) [x86_64-linux]
[2011-09-07 12:19:46] INFO  WEBrick::HTTPServer#start: pid=18104 port=3005
=> Booting WEBrick
=> Rails 3.1.0.rc8 application starting in development on http://0.0.0.0:3005
=> Call with -d to detach
=> Ctrl-C to shutdown server


Started GET "/" for 49.244.20.68 at 2011-09-07 12:20:02 +0000
  Processing by FirmsController#index as HTML
  [1m[36mLawyer Load (0.3ms)[0m  [1mSELECT `lawyers`.* FROM `lawyers` [0m
Rendered firms/_lawyer.html.erb (15.6ms)
Rendered firms/index.html.erb within layouts/application (36.1ms)
Compiled application.js  (2ms)  (pid 18104)
Compiled jquery.js  (67ms)  (pid 18104)
Compiled jquery_ujs.js  (1ms)  (pid 18104)
Completed 200 OK in 285ms (Views: 179.4ms | ActiveRecord: 45.6ms)


Started GET "/assets/application.css?body=1" for 49.244.20.68 at 2011-09-07 12:20:04 +0000
Served asset /application.css - 200 OK (0ms)


Started GET "/assets/firms.css?body=1" for 49.244.20.68 at 2011-09-07 12:20:04 +0000
Served asset /firms.css - 200 OK (1ms)


Started GET "/assets/jquery.js?body=1" for 49.244.20.68 at 2011-09-07 12:20:04 +0000
Served asset /jquery.js - 200 OK (6ms)


Started GET "/assets/jquery_ujs.js?body=1" for 49.244.20.68 at 2011-09-07 12:20:04 +0000
Served asset /jquery_ujs.js - 200 OK (3ms)


Started GET "/assets/application.js?body=1" for 49.244.20.68 at 2011-09-07 12:20:04 +0000
Served asset /application.js - 200 OK (39ms)


Started GET "/system/photos/1/thumb/lawyer.jpeg?1315324509" for 49.244.20.68 at 2011-09-07 12:20:15 +0000

ActionController::RoutingError (No route matches [GET] "/system/photos/1/thumb/lawyer.jpeg"):
  

Rendered /home/ubuntu/.rvm/gems/ruby-1.9.2-p180/gems/actionpack-3.1.0.rc8/lib/action_dispatch/middleware/templates/rescues/routing_error.erb within rescues/layout (0.7ms)


Started GET "/system/photos/4/thumb/willis.jpeg?1315326339" for 49.244.20.68 at 2011-09-07 12:20:15 +0000

ActionController::RoutingError (No route matches [GET] "/system/photos/4/thumb/willis.jpeg"):
  

Rendered /home/ubuntu/.rvm/gems/ruby-1.9.2-p180/gems/actionpack-3.1.0.rc8/lib/action_dispatch/middleware/templates/rescues/routing_error.erb within rescues/layout (0.5ms)


Started GET "/system/photos/5/thumb/m.jpg?1315372725" for 49.244.20.68 at 2011-09-07 12:20:15 +0000

ActionController::RoutingError (No route matches [GET] "/system/photos/5/thumb/m.jpg"):
  

Rendered /home/ubuntu/.rvm/gems/ruby-1.9.2-p180/gems/actionpack-3.1.0.rc8/lib/action_dispatch/middleware/templates/rescues/routing_error.erb within rescues/layout (0.5ms)


Started GET "/" for 49.244.20.68 at 2011-09-07 12:21:02 +0000
  Processing by FirmsController#index as HTML
  [1m[35mLawyer Load (23.6ms)[0m  SELECT `lawyers`.* FROM `lawyers` 
Rendered firms/_lawyer.html.erb (0.0ms)
Rendered firms/index.html.erb within layouts/application (1.0ms)
Completed 200 OK in 158ms (Views: 25.2ms | ActiveRecord: 116.8ms)


Started GET "/assets/application.js?body=1" for 49.244.20.68 at 2011-09-07 12:21:04 +0000
Served asset /application.js - 304 Not Modified (1ms)


Started GET "/admin/lawyers/new" for 49.244.20.68 at 2011-09-07 12:21:15 +0000
  Processing by Admin::FirmsController#new as HTML
Rendered admin/firms/_form.html.erb (274.8ms)
Rendered admin/firms/new.html.erb within layouts/application (285.4ms)
Completed 200 OK in 484ms (Views: 268.3ms | ActiveRecord: 203.6ms)


Started GET "/assets/firms.css?body=1" for 49.244.20.68 at 2011-09-07 12:21:16 +0000
Served asset /firms.css - 304 Not Modified (0ms)


Started GET "/assets/application.css?body=1" for 49.244.20.68 at 2011-09-07 12:21:16 +0000
Served asset /application.css - 304 Not Modified (0ms)


Started GET "/assets/application.js?body=1" for 49.244.20.68 at 2011-09-07 12:21:16 +0000
Served asset /application.js - 304 Not Modified (0ms)
[2011-09-07 12:24:20] INFO  WEBrick 1.3.1
[2011-09-07 12:24:20] INFO  ruby 1.9.2 (2011-02-18) [x86_64-linux]
[2011-09-07 12:24:20] INFO  WEBrick::HTTPServer#start: pid=18265 port=3005
=> Booting WEBrick
=> Rails 3.1.0.rc8 application starting in development on http://0.0.0.0:3005
=> Call with -d to detach
=> Ctrl-C to shutdown server


Started GET "/" for 49.244.20.68 at 2011-09-07 12:24:25 +0000
  Processing by FirmsController#index as HTML
  [1m[36mLawyer Load (1.0ms)[0m  [1mSELECT `lawyers`.* FROM `lawyers` [0m
Rendered firms/_lawyer.html.erb (0.0ms)
Rendered firms/index.html.erb within layouts/application (41.2ms)
Completed 200 OK in 401ms (Views: 238.3ms | ActiveRecord: 40.4ms)


Started GET "/assets/application.css?body=1" for 49.244.20.68 at 2011-09-07 12:24:27 +0000
Served asset /application.css - 304 Not Modified (0ms)


Started GET "/assets/firms.css?body=1" for 49.244.20.68 at 2011-09-07 12:24:27 +0000
Served asset /firms.css - 304 Not Modified (2ms)


Started GET "/assets/application.js?body=1" for 49.244.20.68 at 2011-09-07 12:24:28 +0000
Served asset /application.js - 304 Not Modified (0ms)


Started GET "/admin/lawyers/new" for 49.244.20.68 at 2011-09-07 12:24:37 +0000
  Processing by Admin::FirmsController#new as HTML
Rendered admin/firms/_form.html.erb (2486.6ms)
Rendered admin/firms/new.html.erb within layouts/application (2488.1ms)
Completed 200 OK in 3988ms (Views: 3972.0ms | ActiveRecord: 10.3ms)


Started GET "/assets/application.css?body=1" for 49.244.20.68 at 2011-09-07 12:24:47 +0000
Served asset /application.css - 304 Not Modified (0ms)


Started GET "/assets/application.js?body=1" for 49.244.20.68 at 2011-09-07 12:24:47 +0000
Served asset /application.js - 304 Not Modified (0ms)


Started GET "/assets/firms.css?body=1" for 49.244.20.68 at 2011-09-07 12:24:47 +0000
Served asset /firms.css - 304 Not Modified (0ms)


Started POST "/admin/lawyers" for 49.244.20.68 at 2011-09-07 12:25:19 +0000
  Processing by Admin::FirmsController#create as HTML
  Parameters: {"utf8"=>"✓", "authenticity_token"=>"ljR0w79zH/baGAg5Boxbw8OwM/Et8OYKW+9H+PYR2hw=", "lawyer"=>{"full_name"=>"Nav Raj Vinady", "skype"=>"navraj1982", "bar_memberships"=>"Nepal Bar Association", "areas_of_expertise"=>"Criminal Law", "alma_maters"=>"Kathmandu University"}, "commit"=>"Add Profile"}
  [1m[35m (0.1ms)[0m  BEGIN
  [1m[36mSQL (513.1ms)[0m  [1mINSERT INTO `lawyers` (`address`, `alma_maters`, `areas_of_expertise`, `bar_memberships`, `created_at`, `email`, `full_name`, `photo_content_type`, `photo_file_name`, `photo_file_size`, `photo_updated_at`, `skype`, `updated_at`) VALUES (NULL, 'Kathmandu University', 'Criminal Law', 'Nepal Bar Association', '2011-09-07 12:25:20', NULL, 'Nav Raj Vinady', NULL, NULL, NULL, NULL, 'navraj1982', '2011-09-07 12:25:20')[0m
[paperclip] Saving attachments.
  [1m[35m (18.5ms)[0m  COMMIT
Redirected to http://50.17.193.194:3005/
Completed 302 Found in 3008ms


Started GET "/" for 49.244.20.68 at 2011-09-07 12:25:23 +0000
  Processing by FirmsController#index as HTML
  [1m[36mLawyer Load (12.3ms)[0m  [1mSELECT `lawyers`.* FROM `lawyers` [0m
Rendered firms/_lawyer.html.erb (1515.5ms)
Rendered firms/index.html.erb within layouts/application (1517.9ms)
Completed 200 OK in 3054ms (Views: 1529.8ms | ActiveRecord: 15.6ms)


Started GET "/assets/firms.css?body=1" for 49.244.20.68 at 2011-09-07 12:25:32 +0000
Served asset /firms.css - 304 Not Modified (0ms)


Started GET "/assets/application.css?body=1" for 49.244.20.68 at 2011-09-07 12:25:32 +0000
Served asset /application.css - 304 Not Modified (0ms)


Started GET "/assets/application.js?body=1" for 49.244.20.68 at 2011-09-07 12:25:33 +0000
Served asset /application.js - 304 Not Modified (0ms)


Started GET "/photos/thumb/missing.png" for 49.244.20.68 at 2011-09-07 12:25:35 +0000

ActionController::RoutingError (No route matches [GET] "/photos/thumb/missing.png"):
  

Rendered /home/ubuntu/.rvm/gems/ruby-1.9.2-p180/gems/actionpack-3.1.0.rc8/lib/action_dispatch/middleware/templates/rescues/routing_error.erb within rescues/layout (0.6ms)


Started GET "/admin/lawyers/new" for 49.244.20.68 at 2011-09-07 12:26:04 +0000
  Processing by Admin::FirmsController#new as HTML
Rendered admin/firms/_form.html.erb (4026.9ms)
Rendered admin/firms/new.html.erb within layouts/application (4027.5ms)
Completed 200 OK in 5516ms (Views: 4035.4ms | ActiveRecord: 2.6ms)


Started GET "/assets/application.js?body=1" for 49.244.20.68 at 2011-09-07 12:26:11 +0000
Served asset /application.js - 304 Not Modified (0ms)


Started GET "/assets/application.css?body=1" for 49.244.20.68 at 2011-09-07 12:26:11 +0000
Served asset /application.css - 304 Not Modified (0ms)


Started GET "/assets/firms.css?body=1" for 49.244.20.68 at 2011-09-07 12:26:11 +0000
Served asset /firms.css - 304 Not Modified (0ms)
[2011-09-07 12:40:07] INFO  WEBrick 1.3.1
[2011-09-07 12:40:07] INFO  ruby 1.9.2 (2011-02-18) [x86_64-linux]
[2011-09-07 12:40:07] INFO  WEBrick::HTTPServer#start: pid=18474 port=3005
=> Booting WEBrick
=> Rails 3.1.0.rc8 application starting in development on http://0.0.0.0:3005
=> Call with -d to detach
=> Ctrl-C to shutdown server


Started GET "/" for 49.244.20.68 at 2011-09-07 12:40:09 +0000
  Processing by FirmsController#index as HTML
  [1m[36mLawyer Load (0.2ms)[0m  [1mSELECT `lawyers`.* FROM `lawyers` [0m
Rendered firms/_lawyer.html.erb (13.2ms)
Rendered firms/index.html.erb within layouts/application (34.7ms)
Completed 200 OK in 194ms (Views: 100.8ms | ActiveRecord: 32.2ms)


Started GET "/assets/application.css?body=1" for 49.244.20.68 at 2011-09-07 12:40:10 +0000
Served asset /application.css - 304 Not Modified (0ms)


Started GET "/assets/firms.css?body=1" for 49.244.20.68 at 2011-09-07 12:40:11 +0000
Served asset /firms.css - 304 Not Modified (1ms)


Started GET "/assets/jquery.js?body=1" for 49.244.20.68 at 2011-09-07 12:40:11 +0000
Served asset /jquery.js - 304 Not Modified (3ms)


Started GET "/assets/jquery_ujs.js?body=1" for 49.244.20.68 at 2011-09-07 12:40:11 +0000
Served asset /jquery_ujs.js - 304 Not Modified (2ms)


Started GET "/assets/application.js?body=1" for 49.244.20.68 at 2011-09-07 12:40:11 +0000
Served asset /application.js - 304 Not Modified (0ms)


Started GET "/photos/thumb/missing.png" for 49.244.20.68 at 2011-09-07 12:40:11 +0000

ActionController::RoutingError (No route matches [GET] "/photos/thumb/missing.png"):
  

Rendered /home/ubuntu/.rvm/gems/ruby-1.9.2-p180/gems/actionpack-3.1.0.rc8/lib/action_dispatch/middleware/templates/rescues/routing_error.erb within rescues/layout (0.7ms)


Started GET "/" for 49.244.20.68 at 2011-09-07 12:41:29 +0000
  Processing by FirmsController#index as HTML
  [1m[35mLawyer Load (0.2ms)[0m  SELECT `lawyers`.* FROM `lawyers` 
Rendered firms/_lawyer.html.erb (0.0ms)
Rendered firms/index.html.erb within layouts/application (0.5ms)
Completed 200 OK in 13ms (Views: 6.3ms | ActiveRecord: 1.5ms)


Started GET "/assets/application.css?body=1" for 49.244.20.68 at 2011-09-07 12:41:30 +0000
Served asset /application.css - 304 Not Modified (0ms)


Started GET "/assets/firms.css?body=1" for 49.244.20.68 at 2011-09-07 12:41:30 +0000
Served asset /firms.css - 304 Not Modified (0ms)


Started GET "/assets/jquery.js?body=1" for 49.244.20.68 at 2011-09-07 12:41:30 +0000
Served asset /jquery.js - 304 Not Modified (0ms)


Started GET "/assets/jquery_ujs.js?body=1" for 49.244.20.68 at 2011-09-07 12:41:30 +0000
Served asset /jquery_ujs.js - 304 Not Modified (0ms)


Started GET "/assets/application.js?body=1" for 49.244.20.68 at 2011-09-07 12:41:30 +0000
Served asset /application.js - 304 Not Modified (0ms)


Started GET "/admin/lawyers/new" for 49.244.20.68 at 2011-09-07 12:41:34 +0000
  Processing by Admin::FirmsController#new as HTML
Rendered admin/firms/_form.html.erb (20.4ms)
Rendered admin/firms/new.html.erb within layouts/application (21.9ms)
Completed 200 OK in 36ms (Views: 28.1ms | ActiveRecord: 2.6ms)


Started GET "/assets/application.css?body=1" for 49.244.20.68 at 2011-09-07 12:41:35 +0000
Served asset /application.css - 304 Not Modified (0ms)


Started GET "/assets/firms.css?body=1" for 49.244.20.68 at 2011-09-07 12:41:35 +0000
Served asset /firms.css - 304 Not Modified (0ms)


Started GET "/assets/jquery.js?body=1" for 49.244.20.68 at 2011-09-07 12:41:35 +0000
Served asset /jquery.js - 304 Not Modified (0ms)


Started GET "/assets/jquery_ujs.js?body=1" for 49.244.20.68 at 2011-09-07 12:41:35 +0000
Served asset /jquery_ujs.js - 304 Not Modified (0ms)


Started GET "/assets/application.js?body=1" for 49.244.20.68 at 2011-09-07 12:41:35 +0000
Served asset /application.js - 304 Not Modified (0ms)


Started POST "/admin/lawyers" for 49.244.20.68 at 2011-09-07 12:42:09 +0000
  Processing by Admin::FirmsController#create as HTML
  Parameters: {"utf8"=>"✓", "authenticity_token"=>"ljR0w79zH/baGAg5Boxbw8OwM/Et8OYKW+9H+PYR2hw=", "lawyer"=>{"full_name"=>"Nav Raj Vinady", "skype"=>"navraj1982", "photo"=>#<ActionDispatch::Http::UploadedFile:0x00000003b91fd8 @original_filename="lawyer.jpeg", @content_type="image/jpeg", @headers="Content-Disposition: form-data; name=\"lawyer[photo]\"; filename=\"lawyer.jpeg\"\r\nContent-Type: image/jpeg\r\n", @tempfile=#<File:/tmp/RackMultipart20110907-18474-13hzzgy>>, "bar_memberships"=>"Nepal Bar Association", "areas_of_expertise"=>"Constitutional Law", "alma_maters"=>"Tribhuwan University"}, "commit"=>"Add Profile"}
Completed 500 Internal Server Error in 100ms

Errno::ENOMEM (Cannot allocate memory - identify -format %wx%h '/tmp/stream20110907-18474-74aaox.jpeg[0]'):
  app/controllers/admin/firms_controller.rb:8:in `new'
  app/controllers/admin/firms_controller.rb:8:in `create'

Rendered /home/ubuntu/.rvm/gems/ruby-1.9.2-p180/gems/actionpack-3.1.0.rc8/lib/action_dispatch/middleware/templates/rescues/_trace.erb (1.1ms)
Rendered /home/ubuntu/.rvm/gems/ruby-1.9.2-p180/gems/actionpack-3.1.0.rc8/lib/action_dispatch/middleware/templates/rescues/_request_and_response.erb (1.5ms)
Rendered /home/ubuntu/.rvm/gems/ruby-1.9.2-p180/gems/actionpack-3.1.0.rc8/lib/action_dispatch/middleware/templates/rescues/diagnostics.erb within rescues/layout (5.6ms)


Started GET "/admin/lawyers" for 49.244.20.68 at 2011-09-07 12:43:44 +0000

AbstractController::ActionNotFound (The action 'index' could not be found for Admin::FirmsController):
  

Rendered /home/ubuntu/.rvm/gems/ruby-1.9.2-p180/gems/actionpack-3.1.0.rc8/lib/action_dispatch/middleware/templates/rescues/unknown_action.erb within rescues/layout (0.5ms)


Started GET "/admin/lawyers/new" for 49.244.20.68 at 2011-09-07 12:43:50 +0000
  Processing by Admin::FirmsController#new as HTML
Rendered admin/firms/_form.html.erb (14.5ms)
Rendered admin/firms/new.html.erb within layouts/application (15.1ms)
Completed 200 OK in 26ms (Views: 19.7ms | ActiveRecord: 2.1ms)


Started GET "/assets/application.css?body=1" for 49.244.20.68 at 2011-09-07 12:43:50 +0000
Served asset /application.css - 304 Not Modified (0ms)


Started GET "/assets/firms.css?body=1" for 49.244.20.68 at 2011-09-07 12:43:50 +0000
Served asset /firms.css - 304 Not Modified (0ms)


Started GET "/assets/jquery.js?body=1" for 49.244.20.68 at 2011-09-07 12:43:50 +0000
Served asset /jquery.js - 304 Not Modified (0ms)


Started GET "/assets/jquery_ujs.js?body=1" for 49.244.20.68 at 2011-09-07 12:43:50 +0000
Served asset /jquery_ujs.js - 304 Not Modified (0ms)


Started GET "/assets/application.js?body=1" for 49.244.20.68 at 2011-09-07 12:43:50 +0000
Served asset /application.js - 304 Not Modified (0ms)


Started POST "/admin/lawyers" for 49.244.20.68 at 2011-09-07 12:44:37 +0000
  Processing by Admin::FirmsController#create as HTML
  Parameters: {"utf8"=>"✓", "authenticity_token"=>"ljR0w79zH/baGAg5Boxbw8OwM/Et8OYKW+9H+PYR2hw=", "lawyer"=>{"full_name"=>"Nav Raj Vinady", "skype"=>"navraj1982", "photo"=>#<ActionDispatch::Http::UploadedFile:0x00000005138dc8 @original_filename="lawyer.jpeg", @content_type="image/jpeg", @headers="Content-Disposition: form-data; name=\"lawyer[photo]\"; filename=\"lawyer.jpeg\"\r\nContent-Type: image/jpeg\r\n", @tempfile=#<File:/tmp/RackMultipart20110907-18474-1kd4kdq>>, "bar_memberships"=>"Nepal Bar Association", "areas_of_expertise"=>"Constitutional Law", "alma_maters"=>"Tribhuwan University"}, "commit"=>"Add Profile"}
  [1m[36m (0.2ms)[0m  [1mBEGIN[0m
  [1m[35mSQL (0.4ms)[0m  INSERT INTO `lawyers` (`address`, `alma_maters`, `areas_of_expertise`, `bar_memberships`, `created_at`, `email`, `full_name`, `photo_content_type`, `photo_file_name`, `photo_file_size`, `photo_updated_at`, `skype`, `updated_at`) VALUES (NULL, 'Tribhuwan University', 'Constitutional Law', 'Nepal Bar Association', '2011-09-07 12:44:38', NULL, 'Nav Raj Vinady', 'image/jpeg', 'lawyer.jpeg', 7639, '2011-09-07 12:44:38', 'navraj1982', '2011-09-07 12:44:38')
[paperclip] Saving attachments.
[paperclip] saving /home/ubuntu/codebase/lawdingo/public/system/photos/7/original/lawyer.jpeg
[paperclip] saving /home/ubuntu/codebase/lawdingo/public/system/photos/7/medium/lawyer.jpeg
[paperclip] saving /home/ubuntu/codebase/lawdingo/public/system/photos/7/thumb/lawyer.jpeg
  [1m[36m (15.8ms)[0m  [1mCOMMIT[0m
Redirected to http://50.17.193.194:3005/
Completed 302 Found in 379ms


Started GET "/" for 49.244.20.68 at 2011-09-07 12:44:38 +0000
  Processing by FirmsController#index as HTML
  [1m[35mLawyer Load (1.1ms)[0m  SELECT `lawyers`.* FROM `lawyers` 
Rendered firms/_lawyer.html.erb (88.8ms)
Rendered firms/index.html.erb within layouts/application (89.5ms)
Completed 200 OK in 110ms (Views: 97.3ms | ActiveRecord: 3.7ms)


Started GET "/assets/application.css?body=1" for 49.244.20.68 at 2011-09-07 12:44:39 +0000
Served asset /application.css - 304 Not Modified (0ms)


Started GET "/assets/firms.css?body=1" for 49.244.20.68 at 2011-09-07 12:44:40 +0000
Served asset /firms.css - 304 Not Modified (0ms)


Started GET "/assets/jquery.js?body=1" for 49.244.20.68 at 2011-09-07 12:44:40 +0000
Served asset /jquery.js - 304 Not Modified (0ms)


Started GET "/assets/jquery_ujs.js?body=1" for 49.244.20.68 at 2011-09-07 12:44:40 +0000
Served asset /jquery_ujs.js - 304 Not Modified (0ms)


Started GET "/assets/application.js?body=1" for 49.244.20.68 at 2011-09-07 12:44:40 +0000
Served asset /application.js - 304 Not Modified (0ms)


Started GET "/" for 49.244.20.68 at 2011-09-07 12:44:57 +0000
  Processing by FirmsController#index as HTML
  [1m[36mLawyer Load (0.2ms)[0m  [1mSELECT `lawyers`.* FROM `lawyers` [0m
Rendered firms/_lawyer.html.erb (11.4ms)
Rendered firms/index.html.erb within layouts/application (12.0ms)
Completed 200 OK in 26ms (Views: 17.7ms | ActiveRecord: 2.6ms)


Started GET "/assets/application.css?body=1" for 49.244.20.68 at 2011-09-07 12:44:58 +0000
Served asset /application.css - 304 Not Modified (0ms)


Started GET "/assets/firms.css?body=1" for 49.244.20.68 at 2011-09-07 12:44:58 +0000
Served asset /firms.css - 304 Not Modified (0ms)


Started GET "/assets/jquery.js?body=1" for 49.244.20.68 at 2011-09-07 12:44:58 +0000
Served asset /jquery.js - 304 Not Modified (0ms)


Started GET "/assets/jquery_ujs.js?body=1" for 49.244.20.68 at 2011-09-07 12:44:58 +0000
Served asset /jquery_ujs.js - 304 Not Modified (0ms)


Started GET "/assets/application.js?body=1" for 49.244.20.68 at 2011-09-07 12:44:58 +0000
Served asset /application.js - 304 Not Modified (0ms)


Started GET "/" for 49.244.20.68 at 2011-09-07 12:45:22 +0000
  Processing by FirmsController#index as HTML
  [1m[35mLawyer Load (0.2ms)[0m  SELECT `lawyers`.* FROM `lawyers` 
Rendered firms/_lawyer.html.erb (11.1ms)
Rendered firms/index.html.erb within layouts/application (11.8ms)
Completed 200 OK in 71ms (Views: 17.4ms | ActiveRecord: 2.3ms)


Started GET "/assets/application.css?body=1" for 49.244.20.68 at 2011-09-07 12:45:23 +0000
Served asset /application.css - 304 Not Modified (0ms)


Started GET "/assets/firms.css?body=1" for 49.244.20.68 at 2011-09-07 12:45:23 +0000
Served asset /firms.css - 304 Not Modified (0ms)


Started GET "/assets/jquery.js?body=1" for 49.244.20.68 at 2011-09-07 12:45:23 +0000
Served asset /jquery.js - 304 Not Modified (0ms)


Started GET "/assets/jquery_ujs.js?body=1" for 49.244.20.68 at 2011-09-07 12:45:23 +0000
Served asset /jquery_ujs.js - 304 Not Modified (0ms)


Started GET "/assets/application.js?body=1" for 49.244.20.68 at 2011-09-07 12:45:23 +0000
Served asset /application.js - 304 Not Modified (0ms)


Started GET "/" for 208.54.5.217 at 2011-09-07 15:01:51 +0000
  Processing by FirmsController#index as HTML
  [1m[36mLawyer Load (0.2ms)[0m  [1mSELECT `lawyers`.* FROM `lawyers` [0m
Rendered firms/_lawyer.html.erb (57.2ms)
Rendered firms/index.html.erb within layouts/application (58.5ms)
Completed 200 OK in 183ms (Views: 95.9ms | ActiveRecord: 75.6ms)


Started GET "/assets/application.css?body=1" for 208.54.5.217 at 2011-09-07 15:01:53 +0000
Served asset /application.css - 200 OK (34ms)


Started GET "/assets/jquery.js?body=1" for 208.54.5.217 at 2011-09-07 15:01:54 +0000
Served asset /jquery.js - 200 OK (25ms)


Started GET "/assets/firms.css?body=1" for 208.54.5.217 at 2011-09-07 15:01:54 +0000
Served asset /firms.css - 200 OK (15ms)


Started GET "/assets/jquery_ujs.js?body=1" for 208.54.5.217 at 2011-09-07 15:01:54 +0000
Served asset /jquery_ujs.js - 200 OK (1ms)


Started GET "/assets/application.js?body=1" for 208.54.5.217 at 2011-09-07 15:01:54 +0000
Served asset /application.js - 200 OK (23ms)


Started GET "/" for 124.41.226.98 at 2011-09-07 16:08:29 +0000
  Processing by FirmsController#index as HTML
  [1m[35mLawyer Load (0.2ms)[0m  SELECT `lawyers`.* FROM `lawyers` 
Rendered firms/_lawyer.html.erb (53.1ms)
Rendered firms/index.html.erb within layouts/application (53.7ms)
Completed 200 OK in 68ms (Views: 59.7ms | ActiveRecord: 2.9ms)


Started GET "/assets/application.css?body=1" for 124.41.226.98 at 2011-09-07 16:08:30 +0000
Served asset /application.css - 304 Not Modified (0ms)


Started GET "/assets/firms.css?body=1" for 124.41.226.98 at 2011-09-07 16:08:30 +0000
Served asset /firms.css - 304 Not Modified (0ms)


Started GET "/assets/jquery.js?body=1" for 124.41.226.98 at 2011-09-07 16:08:30 +0000
Served asset /jquery.js - 304 Not Modified (0ms)


Started GET "/assets/jquery_ujs.js?body=1" for 124.41.226.98 at 2011-09-07 16:08:31 +0000
Served asset /jquery_ujs.js - 304 Not Modified (0ms)


Started GET "/assets/application.js?body=1" for 124.41.226.98 at 2011-09-07 16:08:31 +0000
Served asset /application.js - 304 Not Modified (0ms)


Started GET "/" for 124.41.226.98 at 2011-09-07 16:15:27 +0000
  Processing by FirmsController#index as HTML
  [1m[36mLawyer Load (0.2ms)[0m  [1mSELECT `lawyers`.* FROM `lawyers` [0m
Rendered firms/_lawyer.html.erb (13.4ms)
Rendered firms/index.html.erb within layouts/application (14.0ms)
Completed 200 OK in 28ms (Views: 20.3ms | ActiveRecord: 2.1ms)


Started GET "/assets/application.css?body=1" for 124.41.226.98 at 2011-09-07 16:15:28 +0000
Served asset /application.css - 304 Not Modified (0ms)


Started GET "/assets/firms.css?body=1" for 124.41.226.98 at 2011-09-07 16:15:28 +0000
Served asset /firms.css - 304 Not Modified (0ms)


Started GET "/assets/jquery.js?body=1" for 124.41.226.98 at 2011-09-07 16:15:28 +0000
Served asset /jquery.js - 304 Not Modified (0ms)


Started GET "/assets/application.js?body=1" for 124.41.226.98 at 2011-09-07 16:15:28 +0000
Served asset /application.js - 304 Not Modified (0ms)


Started GET "/assets/jquery_ujs.js?body=1" for 124.41.226.98 at 2011-09-07 16:15:29 +0000
Served asset /jquery_ujs.js - 304 Not Modified (0ms)


Started GET "/" for 124.41.226.98 at 2011-09-07 16:16:16 +0000
  Processing by FirmsController#index as HTML
  [1m[35mLawyer Load (0.2ms)[0m  SELECT `lawyers`.* FROM `lawyers` 
Rendered firms/_lawyer.html.erb (55.7ms)
Rendered firms/index.html.erb within layouts/application (56.4ms)
Completed 200 OK in 71ms (Views: 63.0ms | ActiveRecord: 2.3ms)


Started GET "/assets/application.css?body=1" for 124.41.226.98 at 2011-09-07 16:16:16 +0000
Served asset /application.css - 304 Not Modified (0ms)


Started GET "/assets/firms.css?body=1" for 124.41.226.98 at 2011-09-07 16:16:16 +0000
Served asset /firms.css - 304 Not Modified (0ms)


Started GET "/assets/jquery.js?body=1" for 124.41.226.98 at 2011-09-07 16:16:16 +0000
Served asset /jquery.js - 304 Not Modified (0ms)


Started GET "/assets/jquery_ujs.js?body=1" for 124.41.226.98 at 2011-09-07 16:16:16 +0000
Served asset /jquery_ujs.js - 304 Not Modified (0ms)


Started GET "/assets/application.js?body=1" for 124.41.226.98 at 2011-09-07 16:16:16 +0000
Served asset /application.js - 304 Not Modified (0ms)


Started GET "/" for 124.41.226.98 at 2011-09-07 16:17:20 +0000
  Processing by FirmsController#index as HTML
  [1m[36mLawyer Load (0.2ms)[0m  [1mSELECT `lawyers`.* FROM `lawyers` [0m
Rendered firms/_lawyer.html.erb (12.5ms)
Rendered firms/index.html.erb within layouts/application (13.0ms)
Completed 200 OK in 27ms (Views: 18.6ms | ActiveRecord: 2.2ms)


Started GET "/assets/application.css?body=1" for 124.41.226.98 at 2011-09-07 16:17:20 +0000
Served asset /application.css - 304 Not Modified (0ms)


Started GET "/assets/firms.css?body=1" for 124.41.226.98 at 2011-09-07 16:17:20 +0000
Served asset /firms.css - 304 Not Modified (0ms)


Started GET "/assets/jquery.js?body=1" for 124.41.226.98 at 2011-09-07 16:17:20 +0000
Served asset /jquery.js - 304 Not Modified (0ms)


Started GET "/assets/jquery_ujs.js?body=1" for 124.41.226.98 at 2011-09-07 16:17:20 +0000
Served asset /jquery_ujs.js - 304 Not Modified (0ms)


Started GET "/assets/application.js?body=1" for 124.41.226.98 at 2011-09-07 16:17:32 +0000
Served asset /application.js - 304 Not Modified (0ms)


Started GET "/" for 124.41.226.98 at 2011-09-07 16:24:58 +0000
  Processing by FirmsController#index as HTML
  [1m[35mLawyer Load (0.2ms)[0m  SELECT `lawyers`.* FROM `lawyers` 
Rendered firms/_lawyer.html.erb (13.8ms)
Rendered firms/index.html.erb within layouts/application (14.4ms)
Completed 200 OK in 87ms (Views: 72.1ms | ActiveRecord: 3.9ms)


Started GET "/assets/application.css?body=1" for 124.41.226.98 at 2011-09-07 16:24:59 +0000
Served asset /application.css - 304 Not Modified (0ms)


Started GET "/assets/jquery.js?body=1" for 124.41.226.98 at 2011-09-07 16:24:59 +0000
Served asset /jquery.js - 304 Not Modified (0ms)


Started GET "/assets/firms.css?body=1" for 124.41.226.98 at 2011-09-07 16:24:59 +0000
Served asset /firms.css - 304 Not Modified (0ms)


Started GET "/assets/jquery_ujs.js?body=1" for 124.41.226.98 at 2011-09-07 16:24:59 +0000
Served asset /jquery_ujs.js - 304 Not Modified (0ms)


Started GET "/assets/application.js?body=1" for 124.41.226.98 at 2011-09-07 16:24:59 +0000
Served asset /application.js - 304 Not Modified (0ms)


Started GET "/" for 124.41.226.98 at 2011-09-07 16:57:16 +0000
  Processing by FirmsController#index as HTML
  [1m[36mLawyer Load (0.2ms)[0m  [1mSELECT `lawyers`.* FROM `lawyers` [0m
Rendered firms/_lawyer.html.erb (12.5ms)
Rendered firms/index.html.erb within layouts/application (13.0ms)
Completed 200 OK in 26ms (Views: 18.1ms | ActiveRecord: 2.3ms)


Started GET "/assets/application.css?body=1" for 124.41.226.98 at 2011-09-07 16:57:17 +0000
Served asset /application.css - 304 Not Modified (0ms)


Started GET "/assets/firms.css?body=1" for 124.41.226.98 at 2011-09-07 16:57:17 +0000
Served asset /firms.css - 304 Not Modified (0ms)


Started GET "/assets/jquery.js?body=1" for 124.41.226.98 at 2011-09-07 16:57:17 +0000
Served asset /jquery.js - 304 Not Modified (0ms)


Started GET "/assets/jquery_ujs.js?body=1" for 124.41.226.98 at 2011-09-07 16:57:17 +0000
Served asset /jquery_ujs.js - 304 Not Modified (0ms)


Started GET "/assets/application.js?body=1" for 124.41.226.98 at 2011-09-07 16:57:17 +0000
Served asset /application.js - 304 Not Modified (0ms)


Started GET "/" for 199.255.189.189 at 2011-09-07 17:48:44 +0000
  Processing by FirmsController#index as HTML
  [1m[35mLawyer Load (0.2ms)[0m  SELECT `lawyers`.* FROM `lawyers` 
Rendered firms/_lawyer.html.erb (11.6ms)
Rendered firms/index.html.erb within layouts/application (12.2ms)
Completed 200 OK in 25ms (Views: 17.4ms | ActiveRecord: 2.1ms)


Started GET "/assets/application.css?body=1" for 199.255.189.189 at 2011-09-07 17:48:44 +0000
Served asset /application.css - 200 OK (0ms)


Started GET "/assets/firms.css?body=1" for 199.255.189.189 at 2011-09-07 17:48:44 +0000
Served asset /firms.css - 200 OK (0ms)


Started GET "/assets/jquery.js?body=1" for 199.255.189.189 at 2011-09-07 17:48:44 +0000
Served asset /jquery.js - 200 OK (0ms)


Started GET "/assets/application.js?body=1" for 199.255.189.189 at 2011-09-07 17:48:44 +0000
Served asset /application.js - 200 OK (0ms)


Started GET "/assets/jquery_ujs.js?body=1" for 199.255.189.189 at 2011-09-07 17:48:44 +0000
Served asset /jquery_ujs.js - 200 OK (0ms)


Started GET "/admin/lawyers/new" for 199.255.189.189 at 2011-09-07 18:06:25 +0000
  Processing by Admin::FirmsController#new as HTML
Rendered admin/firms/_form.html.erb (14.5ms)
Rendered admin/firms/new.html.erb within layouts/application (34.2ms)
Completed 200 OK in 54ms (Views: 46.9ms | ActiveRecord: 2.2ms)


Started POST "/admin/lawyers" for 199.255.189.189 at 2011-09-07 18:07:00 +0000
  Processing by Admin::FirmsController#create as HTML
  Parameters: {"utf8"=>"✓", "authenticity_token"=>"KpKQpBbi3ZwJ2EwBVRISekvrMOnp1rH8ytiJv5JTHRs=", "lawyer"=>{"full_name"=>"nikhil nirmel", "skype"=>"n_nirmel", "bar_memberships"=>"CA, PA", "areas_of_expertise"=>"Civil litigation", "alma_maters"=>"Yale (undergrad), Harvard Law School"}, "commit"=>"Add Profile"}
  [1m[36m (0.2ms)[0m  [1mBEGIN[0m
  [1m[35mSQL (0.3ms)[0m  INSERT INTO `lawyers` (`address`, `alma_maters`, `areas_of_expertise`, `bar_memberships`, `created_at`, `email`, `full_name`, `photo_content_type`, `photo_file_name`, `photo_file_size`, `photo_updated_at`, `skype`, `updated_at`) VALUES (NULL, 'Yale (undergrad), Harvard Law School', 'Civil litigation', 'CA, PA', '2011-09-07 18:07:00', NULL, 'nikhil nirmel', NULL, NULL, NULL, NULL, 'n_nirmel', '2011-09-07 18:07:00')
[paperclip] Saving attachments.
  [1m[36m (24.9ms)[0m  [1mCOMMIT[0m
Redirected to http://50.17.193.194:3005/
Completed 302 Found in 47ms


Started GET "/" for 199.255.189.189 at 2011-09-07 18:07:00 +0000
  Processing by FirmsController#index as HTML
  [1m[35mLawyer Load (0.4ms)[0m  SELECT `lawyers`.* FROM `lawyers` 
Rendered firms/_lawyer.html.erb (12.9ms)
Rendered firms/index.html.erb within layouts/application (13.5ms)
Completed 200 OK in 27ms (Views: 19.2ms | ActiveRecord: 2.3ms)


Started GET "/photos/thumb/missing.png" for 199.255.189.189 at 2011-09-07 18:07:00 +0000

ActionController::RoutingError (No route matches [GET] "/photos/thumb/missing.png"):
  

Rendered /home/ubuntu/.rvm/gems/ruby-1.9.2-p180/gems/actionpack-3.1.0.rc8/lib/action_dispatch/middleware/templates/rescues/routing_error.erb within rescues/layout (0.6ms)


Started GET "/" for 69.181.46.28 at 2011-09-08 03:36:35 +0000
  Processing by FirmsController#index as HTML
  [1m[36mLawyer Load (0.2ms)[0m  [1mSELECT `lawyers`.* FROM `lawyers` [0m
Rendered firms/_lawyer.html.erb (11.4ms)
Rendered firms/index.html.erb within layouts/application (12.0ms)
Completed 200 OK in 25ms (Views: 17.3ms | ActiveRecord: 2.1ms)


Started GET "/assets/application.css?body=1" for 69.181.46.28 at 2011-09-08 03:36:36 +0000
Served asset /application.css - 200 OK (0ms)


Started GET "/assets/firms.css?body=1" for 69.181.46.28 at 2011-09-08 03:36:36 +0000
Served asset /firms.css - 200 OK (0ms)


Started GET "/assets/jquery.js?body=1" for 69.181.46.28 at 2011-09-08 03:36:36 +0000
Served asset /jquery.js - 304 Not Modified (0ms)


Started GET "/assets/jquery_ujs.js?body=1" for 69.181.46.28 at 2011-09-08 03:36:36 +0000
Served asset /jquery_ujs.js - 304 Not Modified (0ms)


Started GET "/assets/application.js?body=1" for 69.181.46.28 at 2011-09-08 03:36:36 +0000
Served asset /application.js - 304 Not Modified (0ms)


Started GET "/photos/thumb/missing.png" for 69.181.46.28 at 2011-09-08 03:36:36 +0000

ActionController::RoutingError (No route matches [GET] "/photos/thumb/missing.png"):
  

Rendered /home/ubuntu/.rvm/gems/ruby-1.9.2-p180/gems/actionpack-3.1.0.rc8/lib/action_dispatch/middleware/templates/rescues/routing_error.erb within rescues/layout (0.6ms)
